<?xml version="1.0" encoding="UTF-8"?>
<!-- Generated by org.testng.reporters.JUnitReportReporter -->
<testsuite hostname="DESKTOP-0SO3RGI" failures="0" tests="1" name="com.bd.automation.Scrolling" time="26.161" errors="0" timestamp="2023-07-30T21:06:23 BDT" skipped="0">
  <testcase classname="com.bd.automation.Scrolling" name="scrolling_test" time="26.161"/>
</testsuite> <!-- com.bd.automation.Scrolling -->
