<?xml version="1.0" encoding="UTF-8"?>
<!-- Generated by org.testng.reporters.JUnitReportReporter -->
<testsuite hostname="DESKTOP-0SO3RGI" failures="0" tests="1" name="com.bd.automation.TestNGExample" time="0.009" errors="0" timestamp="2023-07-28T00:09:15 BDT" skipped="0">
  <testcase classname="com.bd.automation.TestNGExample" name="firsttesr" time="0.009"/>
</testsuite> <!-- com.bd.automation.TestNGExample -->
