<?xml version="1.0" encoding="UTF-8"?>
<!-- Generated by org.testng.reporters.JUnitReportReporter -->
<testsuite hostname="DESKTOP-0SO3RGI" failures="0" tests="1" name="com.bd.automation.Copy_Paste" time="26.027" errors="0" timestamp="2023-07-30T21:41:32 BDT" skipped="0">
  <testcase classname="com.bd.automation.Copy_Paste" name="copy_paste_test" time="26.027"/>
</testsuite> <!-- com.bd.automation.Copy_Paste -->
