<?xml version="1.0" encoding="UTF-8"?>
<!-- Generated by org.testng.reporters.JUnitReportReporter -->
<testsuite hostname="DESKTOP-0SO3RGI" failures="0" tests="1" name="com.bd.automation.FirstAutomation" time="11.507" errors="0" timestamp="2023-07-27T23:54:43 BDT" skipped="0">
  <testcase classname="com.bd.automation.FirstAutomation" name="firstTest" time="11.507"/>
</testsuite> <!-- com.bd.automation.FirstAutomation -->
