<?xml version="1.0" encoding="UTF-8"?>
<!-- Generated by org.testng.reporters.JUnitReportReporter -->
<testsuite hostname="DESKTOP-0SO3RGI" failures="0" tests="1" name="com.bd.automation.selectmanage" time="20.138" errors="0" timestamp="2023-07-30T20:22:37 BDT" skipped="0">
  <testcase classname="com.bd.automation.selectmanage" name="selectmanage" time="20.138"/>
</testsuite> <!-- com.bd.automation.selectmanage -->
