<?xml version="1.0" encoding="UTF-8"?>
<!-- Generated by org.testng.reporters.JUnitReportReporter -->
<testsuite hostname="DESKTOP-0SO3RGI" failures="0" tests="1" name="com.bd.automation.LocatorExample" time="15.659" errors="0" timestamp="2023-07-29T02:52:04 BDT" skipped="0">
  <testcase classname="com.bd.automation.LocatorExample" name="locatorexample" time="15.659"/>
</testsuite> <!-- com.bd.automation.LocatorExample -->
