<?xml version="1.0" encoding="UTF-8"?>
<!-- Generated by org.testng.reporters.JUnitReportReporter -->
<testsuite hostname="DESKTOP-0SO3RGI" failures="0" tests="1" name="com.bd.automation.MouseHover" time="16.730" errors="0" timestamp="2023-07-30T19:50:41 BDT" skipped="0">
  <testcase classname="com.bd.automation.MouseHover" name="mousehover" time="16.730"/>
</testsuite> <!-- com.bd.automation.MouseHover -->
