<?xml version="1.0" encoding="UTF-8"?>
<!-- Generated by org.testng.reporters.JUnitReportReporter -->
<testsuite hostname="DESKTOP-0SO3RGI" failures="0" tests="1" name="com.bd.automation.webcommands" time="15.320" errors="0" timestamp="2023-07-29T03:07:48 BDT" skipped="0">
  <testcase classname="com.bd.automation.webcommands" name="getwebcommands" time="15.320"/>
</testsuite> <!-- com.bd.automation.webcommands -->
