<?xml version="1.0" encoding="UTF-8"?>
<!-- Generated by org.testng.reporters.JUnitReportReporter -->
<testsuite hostname="DESKTOP-0SO3RGI" failures="0" tests="1" name="com.bd.automation.navigationexample" time="18.889" errors="0" timestamp="2023-07-29T22:44:40 BDT" skipped="0">
  <testcase classname="com.bd.automation.navigationexample" name="nevigation" time="18.889"/>
</testsuite> <!-- com.bd.automation.navigationexample -->
